[2019-12-06 17:52:14.788] [exthost] [info] extension host started
[2019-12-06 17:52:15.121] [exthost] [info] extension host started
[2019-12-06 17:52:15.157] [exthost] [info] ExtensionService#_doActivateExtension HookyQR.beautify {"startup":true,"activationEvent":"*"}
[2019-12-06 17:52:15.157] [exthost] [info] ExtensionService#loadCommonJSModule C:\Users\Mayur\.p2\pool\plugins\pack.core.win_3.6.0.201910290238\HookyQR.beautify-1.4.11\extension
[2019-12-06 17:52:15.251] [exthost] [info] ExtensionService#_doActivateExtension christian-kohler.path-intellisense {"startup":true,"activationEvent":"*"}
[2019-12-06 17:52:15.251] [exthost] [info] ExtensionService#loadCommonJSModule C:\Users\Mayur\.p2\pool\plugins\pack.core.win_3.6.0.201910290238\christian-kohler.path-intellisense-1.4.2\out\src\extension
[2019-12-06 17:52:15.270] [exthost] [info] ExtensionService#_doActivateExtension dbaeumer.vscode-eslint {"startup":true,"activationEvent":"*"}
[2019-12-06 17:52:15.270] [exthost] [info] ExtensionService#loadCommonJSModule C:\Users\Mayur\.p2\pool\plugins\pack.core.win_3.6.0.201910290238\dbaeumer.vscode-eslint-1.9.0\client\out\extension
[2019-12-06 17:52:15.349] [exthost] [info] ExtensionService#_doActivateExtension vscode.debug-auto-launch {"startup":true,"activationEvent":"*"}
[2019-12-06 17:52:15.349] [exthost] [info] ExtensionService#loadCommonJSModule c:\Users\Mayur\.p2\pool\plugins\com.genuitec.eclipse.code.engine.app.win32.x86_64_3.6.0.201910290238\engine\resources\app\extensions\debug-auto-launch\dist\extension
[2019-12-06 17:52:15.359] [exthost] [info] ExtensionService#_doActivateExtension vscode.emmet {"startup":true,"activationEvent":"*"}
[2019-12-06 17:52:15.359] [exthost] [info] ExtensionService#loadCommonJSModule c:\Users\Mayur\.p2\pool\plugins\com.genuitec.eclipse.code.engine.app.win32.x86_64_3.6.0.201910290238\engine\resources\app\extensions\emmet\dist\extension
[2019-12-06 17:52:15.394] [exthost] [info] ExtensionService#_doActivateExtension formulahendry.auto-close-tag {"startup":true,"activationEvent":"*"}
[2019-12-06 17:52:15.394] [exthost] [info] ExtensionService#loadCommonJSModule C:\Users\Mayur\.p2\pool\plugins\pack.core.win_3.6.0.201910290238\formulahendry.auto-close-tag-0.5.6\out\src\extension
[2019-12-06 17:52:15.397] [exthost] [info] ExtensionService#_doActivateExtension vscode.grunt {"startup":false,"activationEvent":"onCommand:workbench.action.tasks.runTask"}
[2019-12-06 17:52:15.397] [exthost] [info] ExtensionService#loadCommonJSModule c:\Users\Mayur\.p2\pool\plugins\com.genuitec.eclipse.code.engine.app.win32.x86_64_3.6.0.201910290238\engine\resources\app\extensions\grunt\dist\main
[2019-12-06 17:52:15.403] [exthost] [info] ExtensionService#_doActivateExtension vscode.gulp {"startup":false,"activationEvent":"onCommand:workbench.action.tasks.runTask"}
[2019-12-06 17:52:15.403] [exthost] [info] ExtensionService#loadCommonJSModule c:\Users\Mayur\.p2\pool\plugins\com.genuitec.eclipse.code.engine.app.win32.x86_64_3.6.0.201910290238\engine\resources\app\extensions\gulp\dist\main
[2019-12-06 17:52:15.408] [exthost] [info] ExtensionService#_doActivateExtension vscode.jake {"startup":false,"activationEvent":"onCommand:workbench.action.tasks.runTask"}
[2019-12-06 17:52:15.408] [exthost] [info] ExtensionService#loadCommonJSModule c:\Users\Mayur\.p2\pool\plugins\com.genuitec.eclipse.code.engine.app.win32.x86_64_3.6.0.201910290238\engine\resources\app\extensions\jake\dist\main
[2019-12-06 17:52:15.413] [exthost] [info] ExtensionService#_doActivateExtension vscode.npm {"startup":false,"activationEvent":"onCommand:workbench.action.tasks.runTask"}
[2019-12-06 17:52:15.413] [exthost] [info] ExtensionService#loadCommonJSModule c:\Users\Mayur\.p2\pool\plugins\com.genuitec.eclipse.code.engine.app.win32.x86_64_3.6.0.201910290238\engine\resources\app\extensions\npm\dist\main
[2019-12-06 17:52:15.442] [exthost] [info] ExtensionService#_doActivateExtension vscode.typescript-language-features {"startup":false,"activationEvent":"onCommand:workbench.action.tasks.runTask"}
[2019-12-06 17:52:15.442] [exthost] [info] ExtensionService#loadCommonJSModule c:\Users\Mayur\.p2\pool\plugins\com.genuitec.eclipse.code.engine.app.win32.x86_64_3.6.0.201910290238\engine\resources\app\extensions\typescript-language-features\dist\extension
[2019-12-06 17:52:15.551] [exthost] [info] eager extensions activated
